3077678
2269072
3201437
618212
239713
969616
3534498
970539
2288245
2172551
3396470
3098592
3547067
314393
219632
3201529
2565146
768619
700698
1417828
1440643
2263004
1154398
2242107
3789892
3157579
3578101
984750
2945567
214445
2184541
722473
2439427
1078554
1334767
2935657
3609461
1739488
1986109
1900850
3337269
3369789
2674967
581501
339803
544578
883224
2238619
1462230
838838
19134
740378
1003093
3199690
820858
2973305
1153840
2221979
3517623
1875225
172100
1845531
3633697
169523
2427041
2720652
2191450
98556
792429
153258
131819
2057671
1004394
3440560
3269585
820470
2349365
843319
3552165
407277
2996381
43836
412990
1140783
1136374
1540155
292186
3147583
1415110
3295801
1402173
606940
2984898
591803
2528669
798695
1006807
3060729
3165578
1631789
