==8359== Memcheck, a memory error detector
==8359== Copyright (C) 2002-2015, and GNU GPL'd, by Julian Seward et al.
==8359== Using Valgrind-3.11.0 and LibVEX; rerun with -h for copyright info
==8359== Command: /home/eduardo/Escritorio/ADA/a.out
==8359== Parent PID: 8312
==8359== 
--8359-- 
--8359-- Valgrind options:
--8359--    -v
--8359--    --tool=memcheck
--8359--    --leak-check=full
--8359--    --num-callers=40
--8359--    --log-file=valgrind.log
--8359-- Contents of /proc/version:
--8359--   Linux version 4.4.0-101-generic (buildd@lcy01-amd64-006) (gcc version 5.4.0 20160609 (Ubuntu 5.4.0-6ubuntu1~16.04.5) ) #124-Ubuntu SMP Fri Nov 10 18:29:59 UTC 2017
--8359-- 
--8359-- Arch and hwcaps: AMD64, LittleEndian, amd64-cx16-lzcnt-rdtscp-sse3-avx
--8359-- Page sizes: currently 4096, max supported 4096
--8359-- Valgrind library directory: /usr/lib/valgrind
--8359-- Reading syms from /home/eduardo/Escritorio/ADA/a.out
--8359-- Reading syms from /lib/x86_64-linux-gnu/ld-2.23.so
--8359--   Considering /lib/x86_64-linux-gnu/ld-2.23.so ..
--8359--   .. CRC mismatch (computed aa979a42 wanted 9019bbb7)
--8359--   Considering /usr/lib/debug/lib/x86_64-linux-gnu/ld-2.23.so ..
--8359--   .. CRC is valid
--8359-- Reading syms from /usr/lib/valgrind/memcheck-amd64-linux
--8359--   Considering /usr/lib/valgrind/memcheck-amd64-linux ..
--8359--   .. CRC mismatch (computed eea41ea9 wanted 2009db78)
--8359--    object doesn't have a symbol table
--8359--    object doesn't have a dynamic symbol table
--8359-- Scheduler: using generic scheduler lock implementation.
--8359-- Reading suppressions file: /usr/lib/valgrind/default.supp
==8359== embedded gdbserver: reading from /tmp/vgdb-pipe-from-vgdb-to-8359-by-root-on-???
==8359== embedded gdbserver: writing to   /tmp/vgdb-pipe-to-vgdb-from-8359-by-root-on-???
==8359== embedded gdbserver: shared mem   /tmp/vgdb-pipe-shared-mem-vgdb-8359-by-root-on-???
==8359== 
==8359== TO CONTROL THIS PROCESS USING vgdb (which you probably
==8359== don't want to do, unless you know exactly what you're doing,
==8359== or are doing some strange experiment):
==8359==   /usr/lib/valgrind/../../bin/vgdb --pid=8359 ...command...
==8359== 
==8359== TO DEBUG THIS PROCESS USING GDB: start GDB like this
==8359==   /path/to/gdb /home/eduardo/Escritorio/ADA/a.out
==8359== and then give GDB the following command
==8359==   target remote | /usr/lib/valgrind/../../bin/vgdb --pid=8359
==8359== --pid is optional if only one valgrind process is running
==8359== 
--8359-- REDIR: 0x401cfd0 (ld-linux-x86-64.so.2:strlen) redirected to 0x3809e181 (???)
--8359-- Reading syms from /usr/lib/valgrind/vgpreload_core-amd64-linux.so
--8359--   Considering /usr/lib/valgrind/vgpreload_core-amd64-linux.so ..
--8359--   .. CRC mismatch (computed 2567ccf6 wanted 49420590)
--8359--    object doesn't have a symbol table
--8359-- Reading syms from /usr/lib/valgrind/vgpreload_memcheck-amd64-linux.so
--8359--   Considering /usr/lib/valgrind/vgpreload_memcheck-amd64-linux.so ..
--8359--   .. CRC mismatch (computed 0e27c9a8 wanted ac585421)
--8359--    object doesn't have a symbol table
==8359== WARNING: new redirection conflicts with existing -- ignoring it
--8359--     old: 0x0401cfd0 (strlen              ) R-> (0000.0) 0x3809e181 ???
--8359--     new: 0x0401cfd0 (strlen              ) R-> (2007.0) 0x04c31020 strlen
--8359-- REDIR: 0x401b920 (ld-linux-x86-64.so.2:index) redirected to 0x4c30bc0 (index)
--8359-- REDIR: 0x401bb40 (ld-linux-x86-64.so.2:strcmp) redirected to 0x4c320d0 (strcmp)
--8359-- REDIR: 0x401dd30 (ld-linux-x86-64.so.2:mempcpy) redirected to 0x4c35270 (mempcpy)
--8359-- Reading syms from /usr/lib/x86_64-linux-gnu/libstdc++.so.6.0.21
--8359--   Considering /usr/lib/x86_64-linux-gnu/libstdc++.so.6.0.21 ..
--8359--   .. CRC mismatch (computed 9adedc07 wanted 319402e2)
--8359--    object doesn't have a symbol table
--8359-- Reading syms from /lib/x86_64-linux-gnu/libm-2.23.so
--8359--   Considering /lib/x86_64-linux-gnu/libm-2.23.so ..
--8359--   .. CRC mismatch (computed e8c3647b wanted c3efddac)
--8359--   Considering /usr/lib/debug/lib/x86_64-linux-gnu/libm-2.23.so ..
--8359--   .. CRC is valid
--8359-- Reading syms from /lib/x86_64-linux-gnu/libc-2.23.so
--8359--   Considering /lib/x86_64-linux-gnu/libc-2.23.so ..
--8359--   .. CRC mismatch (computed 7a8ee3e4 wanted a5190ac4)
--8359--   Considering /usr/lib/debug/lib/x86_64-linux-gnu/libc-2.23.so ..
--8359--   .. CRC is valid
--8359-- Reading syms from /lib/x86_64-linux-gnu/libgcc_s.so.1
--8359--   Considering /lib/x86_64-linux-gnu/libgcc_s.so.1 ..
--8359--   .. CRC mismatch (computed b9a68419 wanted 29d51b00)
--8359--    object doesn't have a symbol table
--8359-- REDIR: 0x5554a00 (libc.so.6:strcasecmp) redirected to 0x4a286f0 (_vgnU_ifunc_wrapper)
--8359-- REDIR: 0x5550280 (libc.so.6:strcspn) redirected to 0x4a286f0 (_vgnU_ifunc_wrapper)
--8359-- REDIR: 0x5556cf0 (libc.so.6:strncasecmp) redirected to 0x4a286f0 (_vgnU_ifunc_wrapper)
--8359-- REDIR: 0x55526f0 (libc.so.6:strpbrk) redirected to 0x4a286f0 (_vgnU_ifunc_wrapper)
--8359-- REDIR: 0x5552a80 (libc.so.6:strspn) redirected to 0x4a286f0 (_vgnU_ifunc_wrapper)
--8359-- REDIR: 0x555414b (libc.so.6:memcpy@GLIBC_2.2.5) redirected to 0x4a286f0 (_vgnU_ifunc_wrapper)
--8359-- REDIR: 0x5552400 (libc.so.6:rindex) redirected to 0x4c308a0 (rindex)
--8359-- REDIR: 0x5549130 (libc.so.6:malloc) redirected to 0x4c2db20 (malloc)
--8359-- REDIR: 0x5550720 (libc.so.6:strlen) redirected to 0x4c30f60 (strlen)
--8359-- REDIR: 0x5553bf0 (libc.so.6:__GI_memcmp) redirected to 0x4c33b90 (__GI_memcmp)
--8359-- REDIR: 0x554ecd0 (libc.so.6:strcmp) redirected to 0x4a286f0 (_vgnU_ifunc_wrapper)
--8359-- REDIR: 0x5564570 (libc.so.6:__strcmp_sse2_unaligned) redirected to 0x4c31f90 (strcmp)
--8359-- REDIR: 0x4ec7f10 (libstdc++.so.6:operator new[](unsigned long)) redirected to 0x4c2e7a0 (operator new[](unsigned long))
==8359== Invalid write of size 4
==8359==    at 0x400B7D: merging_sort(int*, int*, int, int) (in /home/eduardo/Escritorio/ADA/a.out)
==8359==    by 0x400CE9: merge_sort(int*, int) (in /home/eduardo/Escritorio/ADA/a.out)
==8359==    by 0x400CCF: merge_sort(int*, int) (in /home/eduardo/Escritorio/ADA/a.out)
==8359==    by 0x400CBA: merge_sort(int*, int) (in /home/eduardo/Escritorio/ADA/a.out)
==8359==    by 0x4010DF: main (in /home/eduardo/Escritorio/ADA/a.out)
==8359==  Address 0x5ab6e68 is 0 bytes after a block of size 8 alloc'd
==8359==    at 0x4C2E80F: operator new[](unsigned long) (in /usr/lib/valgrind/vgpreload_memcheck-amd64-linux.so)
==8359==    by 0x400989: merging_sort(int*, int*, int, int) (in /home/eduardo/Escritorio/ADA/a.out)
==8359==    by 0x400CE9: merge_sort(int*, int) (in /home/eduardo/Escritorio/ADA/a.out)
==8359==    by 0x400CCF: merge_sort(int*, int) (in /home/eduardo/Escritorio/ADA/a.out)
==8359==    by 0x400CBA: merge_sort(int*, int) (in /home/eduardo/Escritorio/ADA/a.out)
==8359==    by 0x4010DF: main (in /home/eduardo/Escritorio/ADA/a.out)
==8359== 
==8359== Invalid write of size 4
==8359==    at 0x400B7D: merging_sort(int*, int*, int, int) (in /home/eduardo/Escritorio/ADA/a.out)
==8359==    by 0x400CE9: merge_sort(int*, int) (in /home/eduardo/Escritorio/ADA/a.out)
==8359==    by 0x400CBA: merge_sort(int*, int) (in /home/eduardo/Escritorio/ADA/a.out)
==8359==    by 0x4010DF: main (in /home/eduardo/Escritorio/ADA/a.out)
==8359==  Address 0x5ab6ebc is 0 bytes after a block of size 12 alloc'd
==8359==    at 0x4C2E80F: operator new[](unsigned long) (in /usr/lib/valgrind/vgpreload_memcheck-amd64-linux.so)
==8359==    by 0x400989: merging_sort(int*, int*, int, int) (in /home/eduardo/Escritorio/ADA/a.out)
==8359==    by 0x400CE9: merge_sort(int*, int) (in /home/eduardo/Escritorio/ADA/a.out)
==8359==    by 0x400CBA: merge_sort(int*, int) (in /home/eduardo/Escritorio/ADA/a.out)
==8359==    by 0x4010DF: main (in /home/eduardo/Escritorio/ADA/a.out)
==8359== 
==8359== Invalid write of size 4
==8359==    at 0x400B7D: merging_sort(int*, int*, int, int) (in /home/eduardo/Escritorio/ADA/a.out)
==8359==    by 0x400CE9: merge_sort(int*, int) (in /home/eduardo/Escritorio/ADA/a.out)
==8359==    by 0x400CCF: merge_sort(int*, int) (in /home/eduardo/Escritorio/ADA/a.out)
==8359==    by 0x400CCF: merge_sort(int*, int) (in /home/eduardo/Escritorio/ADA/a.out)
==8359==    by 0x4010DF: main (in /home/eduardo/Escritorio/ADA/a.out)
==8359==  Address 0x5ab7048 is 0 bytes after a block of size 8 alloc'd
==8359==    at 0x4C2E80F: operator new[](unsigned long) (in /usr/lib/valgrind/vgpreload_memcheck-amd64-linux.so)
==8359==    by 0x400989: merging_sort(int*, int*, int, int) (in /home/eduardo/Escritorio/ADA/a.out)
==8359==    by 0x400CE9: merge_sort(int*, int) (in /home/eduardo/Escritorio/ADA/a.out)
==8359==    by 0x400CCF: merge_sort(int*, int) (in /home/eduardo/Escritorio/ADA/a.out)
==8359==    by 0x400CCF: merge_sort(int*, int) (in /home/eduardo/Escritorio/ADA/a.out)
==8359==    by 0x4010DF: main (in /home/eduardo/Escritorio/ADA/a.out)
==8359== 
==8359== Invalid write of size 4
==8359==    at 0x400B7D: merging_sort(int*, int*, int, int) (in /home/eduardo/Escritorio/ADA/a.out)
==8359==    by 0x400CE9: merge_sort(int*, int) (in /home/eduardo/Escritorio/ADA/a.out)
==8359==    by 0x400CCF: merge_sort(int*, int) (in /home/eduardo/Escritorio/ADA/a.out)
==8359==    by 0x4010DF: main (in /home/eduardo/Escritorio/ADA/a.out)
==8359==  Address 0x5ab709c is 0 bytes after a block of size 12 alloc'd
==8359==    at 0x4C2E80F: operator new[](unsigned long) (in /usr/lib/valgrind/vgpreload_memcheck-amd64-linux.so)
==8359==    by 0x400989: merging_sort(int*, int*, int, int) (in /home/eduardo/Escritorio/ADA/a.out)
==8359==    by 0x400CE9: merge_sort(int*, int) (in /home/eduardo/Escritorio/ADA/a.out)
==8359==    by 0x400CCF: merge_sort(int*, int) (in /home/eduardo/Escritorio/ADA/a.out)
==8359==    by 0x4010DF: main (in /home/eduardo/Escritorio/ADA/a.out)
==8359== 
==8359== Invalid write of size 4
==8359==    at 0x400B7D: merging_sort(int*, int*, int, int) (in /home/eduardo/Escritorio/ADA/a.out)
==8359==    by 0x400CE9: merge_sort(int*, int) (in /home/eduardo/Escritorio/ADA/a.out)
==8359==    by 0x4010DF: main (in /home/eduardo/Escritorio/ADA/a.out)
==8359==  Address 0x5ab70f8 is 0 bytes after a block of size 24 alloc'd
==8359==    at 0x4C2E80F: operator new[](unsigned long) (in /usr/lib/valgrind/vgpreload_memcheck-amd64-linux.so)
==8359==    by 0x400989: merging_sort(int*, int*, int, int) (in /home/eduardo/Escritorio/ADA/a.out)
==8359==    by 0x400CE9: merge_sort(int*, int) (in /home/eduardo/Escritorio/ADA/a.out)
==8359==    by 0x4010DF: main (in /home/eduardo/Escritorio/ADA/a.out)
==8359== 
--8359-- REDIR: 0x5553bb0 (libc.so.6:bcmp) redirected to 0x4a286f0 (_vgnU_ifunc_wrapper)
--8359-- REDIR: 0x5633430 (libc.so.6:__memcmp_sse4_1) redirected to 0x4c33cd0 (__memcmp_sse4_1)
--8359-- REDIR: 0x55543b0 (libc.so.6:__GI_mempcpy) redirected to 0x4c34fa0 (__GI_mempcpy)
--8359-- REDIR: 0x55494f0 (libc.so.6:free) redirected to 0x4c2ed80 (free)
==8359== 
==8359== HEAP SUMMARY:
==8359==     in use at exit: 72,832 bytes in 16 blocks
==8359==   total heap usage: 17 allocs, 1 frees, 73,856 bytes allocated
==8359== 
==8359== Searching for pointers to 16 not-freed blocks
==8359== Checked 105,528 bytes
==8359== 
==8359== 4 bytes in 1 blocks are definitely lost in loss record 1 of 16
==8359==    at 0x4C2E80F: operator new[](unsigned long) (in /usr/lib/valgrind/vgpreload_memcheck-amd64-linux.so)
==8359==    by 0x400BF4: merge_sort(int*, int) (in /home/eduardo/Escritorio/ADA/a.out)
==8359==    by 0x400CBA: merge_sort(int*, int) (in /home/eduardo/Escritorio/ADA/a.out)
==8359==    by 0x4010DF: main (in /home/eduardo/Escritorio/ADA/a.out)
==8359== 
==8359== 4 bytes in 1 blocks are definitely lost in loss record 2 of 16
==8359==    at 0x4C2E80F: operator new[](unsigned long) (in /usr/lib/valgrind/vgpreload_memcheck-amd64-linux.so)
==8359==    by 0x400BF4: merge_sort(int*, int) (in /home/eduardo/Escritorio/ADA/a.out)
==8359==    by 0x400CCF: merge_sort(int*, int) (in /home/eduardo/Escritorio/ADA/a.out)
==8359==    by 0x400CBA: merge_sort(int*, int) (in /home/eduardo/Escritorio/ADA/a.out)
==8359==    by 0x4010DF: main (in /home/eduardo/Escritorio/ADA/a.out)
==8359== 
==8359== 4 bytes in 1 blocks are definitely lost in loss record 3 of 16
==8359==    at 0x4C2E80F: operator new[](unsigned long) (in /usr/lib/valgrind/vgpreload_memcheck-amd64-linux.so)
==8359==    by 0x400C62: merge_sort(int*, int) (in /home/eduardo/Escritorio/ADA/a.out)
==8359==    by 0x400CCF: merge_sort(int*, int) (in /home/eduardo/Escritorio/ADA/a.out)
==8359==    by 0x400CBA: merge_sort(int*, int) (in /home/eduardo/Escritorio/ADA/a.out)
==8359==    by 0x4010DF: main (in /home/eduardo/Escritorio/ADA/a.out)
==8359== 
==8359== 4 bytes in 1 blocks are definitely lost in loss record 4 of 16
==8359==    at 0x4C2E80F: operator new[](unsigned long) (in /usr/lib/valgrind/vgpreload_memcheck-amd64-linux.so)
==8359==    by 0x400BF4: merge_sort(int*, int) (in /home/eduardo/Escritorio/ADA/a.out)
==8359==    by 0x400CCF: merge_sort(int*, int) (in /home/eduardo/Escritorio/ADA/a.out)
==8359==    by 0x4010DF: main (in /home/eduardo/Escritorio/ADA/a.out)
==8359== 
==8359== 4 bytes in 1 blocks are definitely lost in loss record 5 of 16
==8359==    at 0x4C2E80F: operator new[](unsigned long) (in /usr/lib/valgrind/vgpreload_memcheck-amd64-linux.so)
==8359==    by 0x400BF4: merge_sort(int*, int) (in /home/eduardo/Escritorio/ADA/a.out)
==8359==    by 0x400CCF: merge_sort(int*, int) (in /home/eduardo/Escritorio/ADA/a.out)
==8359==    by 0x400CCF: merge_sort(int*, int) (in /home/eduardo/Escritorio/ADA/a.out)
==8359==    by 0x4010DF: main (in /home/eduardo/Escritorio/ADA/a.out)
==8359== 
==8359== 4 bytes in 1 blocks are definitely lost in loss record 6 of 16
==8359==    at 0x4C2E80F: operator new[](unsigned long) (in /usr/lib/valgrind/vgpreload_memcheck-amd64-linux.so)
==8359==    by 0x400C62: merge_sort(int*, int) (in /home/eduardo/Escritorio/ADA/a.out)
==8359==    by 0x400CCF: merge_sort(int*, int) (in /home/eduardo/Escritorio/ADA/a.out)
==8359==    by 0x400CCF: merge_sort(int*, int) (in /home/eduardo/Escritorio/ADA/a.out)
==8359==    by 0x4010DF: main (in /home/eduardo/Escritorio/ADA/a.out)
==8359== 
==8359== 8 bytes in 1 blocks are definitely lost in loss record 7 of 16
==8359==    at 0x4C2E80F: operator new[](unsigned long) (in /usr/lib/valgrind/vgpreload_memcheck-amd64-linux.so)
==8359==    by 0x400C62: merge_sort(int*, int) (in /home/eduardo/Escritorio/ADA/a.out)
==8359==    by 0x400CBA: merge_sort(int*, int) (in /home/eduardo/Escritorio/ADA/a.out)
==8359==    by 0x4010DF: main (in /home/eduardo/Escritorio/ADA/a.out)
==8359== 
==8359== 8 bytes in 1 blocks are definitely lost in loss record 8 of 16
==8359==    at 0x4C2E80F: operator new[](unsigned long) (in /usr/lib/valgrind/vgpreload_memcheck-amd64-linux.so)
==8359==    by 0x400989: merging_sort(int*, int*, int, int) (in /home/eduardo/Escritorio/ADA/a.out)
==8359==    by 0x400CE9: merge_sort(int*, int) (in /home/eduardo/Escritorio/ADA/a.out)
==8359==    by 0x400CCF: merge_sort(int*, int) (in /home/eduardo/Escritorio/ADA/a.out)
==8359==    by 0x400CBA: merge_sort(int*, int) (in /home/eduardo/Escritorio/ADA/a.out)
==8359==    by 0x4010DF: main (in /home/eduardo/Escritorio/ADA/a.out)
==8359== 
==8359== 8 bytes in 1 blocks are definitely lost in loss record 9 of 16
==8359==    at 0x4C2E80F: operator new[](unsigned long) (in /usr/lib/valgrind/vgpreload_memcheck-amd64-linux.so)
==8359==    by 0x400C62: merge_sort(int*, int) (in /home/eduardo/Escritorio/ADA/a.out)
==8359==    by 0x400CCF: merge_sort(int*, int) (in /home/eduardo/Escritorio/ADA/a.out)
==8359==    by 0x4010DF: main (in /home/eduardo/Escritorio/ADA/a.out)
==8359== 
==8359== 8 bytes in 1 blocks are definitely lost in loss record 10 of 16
==8359==    at 0x4C2E80F: operator new[](unsigned long) (in /usr/lib/valgrind/vgpreload_memcheck-amd64-linux.so)
==8359==    by 0x400989: merging_sort(int*, int*, int, int) (in /home/eduardo/Escritorio/ADA/a.out)
==8359==    by 0x400CE9: merge_sort(int*, int) (in /home/eduardo/Escritorio/ADA/a.out)
==8359==    by 0x400CCF: merge_sort(int*, int) (in /home/eduardo/Escritorio/ADA/a.out)
==8359==    by 0x400CCF: merge_sort(int*, int) (in /home/eduardo/Escritorio/ADA/a.out)
==8359==    by 0x4010DF: main (in /home/eduardo/Escritorio/ADA/a.out)
==8359== 
==8359== 12 bytes in 1 blocks are definitely lost in loss record 11 of 16
==8359==    at 0x4C2E80F: operator new[](unsigned long) (in /usr/lib/valgrind/vgpreload_memcheck-amd64-linux.so)
==8359==    by 0x400BF4: merge_sort(int*, int) (in /home/eduardo/Escritorio/ADA/a.out)
==8359==    by 0x4010DF: main (in /home/eduardo/Escritorio/ADA/a.out)
==8359== 
==8359== 12 bytes in 1 blocks are definitely lost in loss record 12 of 16
==8359==    at 0x4C2E80F: operator new[](unsigned long) (in /usr/lib/valgrind/vgpreload_memcheck-amd64-linux.so)
==8359==    by 0x400C62: merge_sort(int*, int) (in /home/eduardo/Escritorio/ADA/a.out)
==8359==    by 0x4010DF: main (in /home/eduardo/Escritorio/ADA/a.out)
==8359== 
==8359== 12 bytes in 1 blocks are definitely lost in loss record 13 of 16
==8359==    at 0x4C2E80F: operator new[](unsigned long) (in /usr/lib/valgrind/vgpreload_memcheck-amd64-linux.so)
==8359==    by 0x400989: merging_sort(int*, int*, int, int) (in /home/eduardo/Escritorio/ADA/a.out)
==8359==    by 0x400CE9: merge_sort(int*, int) (in /home/eduardo/Escritorio/ADA/a.out)
==8359==    by 0x400CBA: merge_sort(int*, int) (in /home/eduardo/Escritorio/ADA/a.out)
==8359==    by 0x4010DF: main (in /home/eduardo/Escritorio/ADA/a.out)
==8359== 
==8359== 12 bytes in 1 blocks are definitely lost in loss record 14 of 16
==8359==    at 0x4C2E80F: operator new[](unsigned long) (in /usr/lib/valgrind/vgpreload_memcheck-amd64-linux.so)
==8359==    by 0x400989: merging_sort(int*, int*, int, int) (in /home/eduardo/Escritorio/ADA/a.out)
==8359==    by 0x400CE9: merge_sort(int*, int) (in /home/eduardo/Escritorio/ADA/a.out)
==8359==    by 0x400CCF: merge_sort(int*, int) (in /home/eduardo/Escritorio/ADA/a.out)
==8359==    by 0x4010DF: main (in /home/eduardo/Escritorio/ADA/a.out)
==8359== 
==8359== 24 bytes in 1 blocks are definitely lost in loss record 15 of 16
==8359==    at 0x4C2E80F: operator new[](unsigned long) (in /usr/lib/valgrind/vgpreload_memcheck-amd64-linux.so)
==8359==    by 0x400989: merging_sort(int*, int*, int, int) (in /home/eduardo/Escritorio/ADA/a.out)
==8359==    by 0x400CE9: merge_sort(int*, int) (in /home/eduardo/Escritorio/ADA/a.out)
==8359==    by 0x4010DF: main (in /home/eduardo/Escritorio/ADA/a.out)
==8359== 
==8359== LEAK SUMMARY:
==8359==    definitely lost: 128 bytes in 15 blocks
==8359==    indirectly lost: 0 bytes in 0 blocks
==8359==      possibly lost: 0 bytes in 0 blocks
==8359==    still reachable: 72,704 bytes in 1 blocks
==8359==         suppressed: 0 bytes in 0 blocks
==8359== Reachable blocks (those to which a pointer was found) are not shown.
==8359== To see them, rerun with: --leak-check=full --show-leak-kinds=all
==8359== 
==8359== ERROR SUMMARY: 20 errors from 20 contexts (suppressed: 0 from 0)
==8359== 
==8359== 1 errors in context 1 of 20:
==8359== Invalid write of size 4
==8359==    at 0x400B7D: merging_sort(int*, int*, int, int) (in /home/eduardo/Escritorio/ADA/a.out)
==8359==    by 0x400CE9: merge_sort(int*, int) (in /home/eduardo/Escritorio/ADA/a.out)
==8359==    by 0x4010DF: main (in /home/eduardo/Escritorio/ADA/a.out)
==8359==  Address 0x5ab70f8 is 0 bytes after a block of size 24 alloc'd
==8359==    at 0x4C2E80F: operator new[](unsigned long) (in /usr/lib/valgrind/vgpreload_memcheck-amd64-linux.so)
==8359==    by 0x400989: merging_sort(int*, int*, int, int) (in /home/eduardo/Escritorio/ADA/a.out)
==8359==    by 0x400CE9: merge_sort(int*, int) (in /home/eduardo/Escritorio/ADA/a.out)
==8359==    by 0x4010DF: main (in /home/eduardo/Escritorio/ADA/a.out)
==8359== 
==8359== 
==8359== 1 errors in context 2 of 20:
==8359== Invalid write of size 4
==8359==    at 0x400B7D: merging_sort(int*, int*, int, int) (in /home/eduardo/Escritorio/ADA/a.out)
==8359==    by 0x400CE9: merge_sort(int*, int) (in /home/eduardo/Escritorio/ADA/a.out)
==8359==    by 0x400CCF: merge_sort(int*, int) (in /home/eduardo/Escritorio/ADA/a.out)
==8359==    by 0x4010DF: main (in /home/eduardo/Escritorio/ADA/a.out)
==8359==  Address 0x5ab709c is 0 bytes after a block of size 12 alloc'd
==8359==    at 0x4C2E80F: operator new[](unsigned long) (in /usr/lib/valgrind/vgpreload_memcheck-amd64-linux.so)
==8359==    by 0x400989: merging_sort(int*, int*, int, int) (in /home/eduardo/Escritorio/ADA/a.out)
==8359==    by 0x400CE9: merge_sort(int*, int) (in /home/eduardo/Escritorio/ADA/a.out)
==8359==    by 0x400CCF: merge_sort(int*, int) (in /home/eduardo/Escritorio/ADA/a.out)
==8359==    by 0x4010DF: main (in /home/eduardo/Escritorio/ADA/a.out)
==8359== 
==8359== 
==8359== 1 errors in context 3 of 20:
==8359== Invalid write of size 4
==8359==    at 0x400B7D: merging_sort(int*, int*, int, int) (in /home/eduardo/Escritorio/ADA/a.out)
==8359==    by 0x400CE9: merge_sort(int*, int) (in /home/eduardo/Escritorio/ADA/a.out)
==8359==    by 0x400CCF: merge_sort(int*, int) (in /home/eduardo/Escritorio/ADA/a.out)
==8359==    by 0x400CCF: merge_sort(int*, int) (in /home/eduardo/Escritorio/ADA/a.out)
==8359==    by 0x4010DF: main (in /home/eduardo/Escritorio/ADA/a.out)
==8359==  Address 0x5ab7048 is 0 bytes after a block of size 8 alloc'd
==8359==    at 0x4C2E80F: operator new[](unsigned long) (in /usr/lib/valgrind/vgpreload_memcheck-amd64-linux.so)
==8359==    by 0x400989: merging_sort(int*, int*, int, int) (in /home/eduardo/Escritorio/ADA/a.out)
==8359==    by 0x400CE9: merge_sort(int*, int) (in /home/eduardo/Escritorio/ADA/a.out)
==8359==    by 0x400CCF: merge_sort(int*, int) (in /home/eduardo/Escritorio/ADA/a.out)
==8359==    by 0x400CCF: merge_sort(int*, int) (in /home/eduardo/Escritorio/ADA/a.out)
==8359==    by 0x4010DF: main (in /home/eduardo/Escritorio/ADA/a.out)
==8359== 
==8359== 
==8359== 1 errors in context 4 of 20:
==8359== Invalid write of size 4
==8359==    at 0x400B7D: merging_sort(int*, int*, int, int) (in /home/eduardo/Escritorio/ADA/a.out)
==8359==    by 0x400CE9: merge_sort(int*, int) (in /home/eduardo/Escritorio/ADA/a.out)
==8359==    by 0x400CBA: merge_sort(int*, int) (in /home/eduardo/Escritorio/ADA/a.out)
==8359==    by 0x4010DF: main (in /home/eduardo/Escritorio/ADA/a.out)
==8359==  Address 0x5ab6ebc is 0 bytes after a block of size 12 alloc'd
==8359==    at 0x4C2E80F: operator new[](unsigned long) (in /usr/lib/valgrind/vgpreload_memcheck-amd64-linux.so)
==8359==    by 0x400989: merging_sort(int*, int*, int, int) (in /home/eduardo/Escritorio/ADA/a.out)
==8359==    by 0x400CE9: merge_sort(int*, int) (in /home/eduardo/Escritorio/ADA/a.out)
==8359==    by 0x400CBA: merge_sort(int*, int) (in /home/eduardo/Escritorio/ADA/a.out)
==8359==    by 0x4010DF: main (in /home/eduardo/Escritorio/ADA/a.out)
==8359== 
==8359== 
==8359== 1 errors in context 5 of 20:
==8359== Invalid write of size 4
==8359==    at 0x400B7D: merging_sort(int*, int*, int, int) (in /home/eduardo/Escritorio/ADA/a.out)
==8359==    by 0x400CE9: merge_sort(int*, int) (in /home/eduardo/Escritorio/ADA/a.out)
==8359==    by 0x400CCF: merge_sort(int*, int) (in /home/eduardo/Escritorio/ADA/a.out)
==8359==    by 0x400CBA: merge_sort(int*, int) (in /home/eduardo/Escritorio/ADA/a.out)
==8359==    by 0x4010DF: main (in /home/eduardo/Escritorio/ADA/a.out)
==8359==  Address 0x5ab6e68 is 0 bytes after a block of size 8 alloc'd
==8359==    at 0x4C2E80F: operator new[](unsigned long) (in /usr/lib/valgrind/vgpreload_memcheck-amd64-linux.so)
==8359==    by 0x400989: merging_sort(int*, int*, int, int) (in /home/eduardo/Escritorio/ADA/a.out)
==8359==    by 0x400CE9: merge_sort(int*, int) (in /home/eduardo/Escritorio/ADA/a.out)
==8359==    by 0x400CCF: merge_sort(int*, int) (in /home/eduardo/Escritorio/ADA/a.out)
==8359==    by 0x400CBA: merge_sort(int*, int) (in /home/eduardo/Escritorio/ADA/a.out)
==8359==    by 0x4010DF: main (in /home/eduardo/Escritorio/ADA/a.out)
==8359== 
==8359== ERROR SUMMARY: 20 errors from 20 contexts (suppressed: 0 from 0)
